<?xml version="1.0" encoding="UTF-8"?>
<!-- Generated by org.testng.reporters.JUnitReportReporter -->
<testsuite hostname="LAPTOP-V1AUDLO5" failures="0" tests="1" name="CucumberOptions.TestNGRunner" time="0.233" errors="0" timestamp="2023-02-12T15:43:16 IST" skipped="0">
  <testcase classname="CucumberOptions.TestNGRunner" name="runScenario" time="0.233"/>
  <system-out/>
</testsuite> <!-- CucumberOptions.TestNGRunner -->
